Dec 07 18:54:56 snonode.sno-worker-00.e2e.bos.redhat.com systemd[1]: Starting Crash recovery kernel arming...
Dec 07 18:54:58 snonode.sno-worker-00.e2e.bos.redhat.com kdumpctl[5008]: kdump: Detected change(s) in the following file(s):  /etc/kdump.conf /boot/ostree/rhcos-752a3b0ead0e52e830bbd3e504c11b2606df057c884ebbf46dfca691978a83ed/vmlinuz-5.14.0-284.36.1.el9_2.x86_64 /etc/kdump/post.d/ /etc/kdump/pre.d/
Dec 07 18:54:58 snonode.sno-worker-00.e2e.bos.redhat.com kdumpctl[5008]: kdump: Rebuilding /var/lib/kdump/initramfs-5.14.0-284.36.1.el9_2.x86_64kdump.img
Dec 07 18:54:58 snonode.sno-worker-00.e2e.bos.redhat.com dracut[5467]: Executing: /usr/bin/dracut --add kdumpbase --quiet --hostonly --hostonly-cmdline --hostonly-i18n --hostonly-mode strict --hostonly-nics  -o "plymouth resume ifcfg earlykdump" --mount "/dev/disk/by-uuid/6b9f58b6-2adb-4237-8bf6-2846d5461a1e /kdumproot/sysroot xfs rw,relatime,seclabel,attr2,inode64,logbufs=8,logbsize=32k,prjquota" --squash-compressor zstd --no-hostonly-default-device --add-drivers nvme -f /var/lib/kdump/initramfs-5.14.0-284.36.1.el9_2.x86_64kdump.img 5.14.0-284.36.1.el9_2.x86_64
Dec 07 18:54:59 snonode.sno-worker-00.e2e.bos.redhat.com dracut[5467]: dracut module 'systemd-networkd' will not be installed, because it's in the list to be omitted!
Dec 07 18:54:59 snonode.sno-worker-00.e2e.bos.redhat.com dracut[5467]: dracut module 'systemd-resolved' will not be installed, because command 'resolvectl' could not be found!
Dec 07 18:54:59 snonode.sno-worker-00.e2e.bos.redhat.com dracut[5467]: dracut module 'systemd-resolved' will not be installed, because command '/usr/lib/systemd/systemd-resolved' could not be found!
Dec 07 18:54:59 snonode.sno-worker-00.e2e.bos.redhat.com dracut[5467]: dracut module 'systemd-timesyncd' will not be installed, because command '/usr/lib/systemd/systemd-timesyncd' could not be found!
Dec 07 18:54:59 snonode.sno-worker-00.e2e.bos.redhat.com dracut[5467]: dracut module 'systemd-timesyncd' will not be installed, because command '/usr/lib/systemd/systemd-time-wait-sync' could not be found!
Dec 07 18:54:59 snonode.sno-worker-00.e2e.bos.redhat.com dracut[5467]: dracut module 'busybox' will not be installed, because command 'busybox' could not be found!
Dec 07 18:54:59 snonode.sno-worker-00.e2e.bos.redhat.com dracut[5467]: dracut module 'dbus-daemon' will not be installed, because it's in the list to be omitted!
Dec 07 18:54:59 snonode.sno-worker-00.e2e.bos.redhat.com dracut[5467]: dracut module 'rngd' will not be installed, because command 'rngd' could not be found!
Dec 07 18:54:59 snonode.sno-worker-00.e2e.bos.redhat.com dracut[5467]: dracut module 'connman' will not be installed, because command 'connmand' could not be found!
Dec 07 18:54:59 snonode.sno-worker-00.e2e.bos.redhat.com dracut[5467]: dracut module 'connman' will not be installed, because command 'connmanctl' could not be found!
Dec 07 18:54:59 snonode.sno-worker-00.e2e.bos.redhat.com dracut[5467]: dracut module 'connman' will not be installed, because command 'connmand-wait-online' could not be found!
Dec 07 18:54:59 snonode.sno-worker-00.e2e.bos.redhat.com dracut[5467]: dracut module 'network-legacy' will not be installed, because it's in the list to be omitted!
Dec 07 18:54:59 snonode.sno-worker-00.e2e.bos.redhat.com dracut[5467]: dracut module 'network-wicked' will not be installed, because it's in the list to be omitted!
Dec 07 18:55:00 snonode.sno-worker-00.e2e.bos.redhat.com dracut[5467]: dracut module 'ifcfg' will not be installed, because it's in the list to be omitted!
Dec 07 18:55:00 snonode.sno-worker-00.e2e.bos.redhat.com dracut[5467]: dracut module 'plymouth' will not be installed, because it's in the list to be omitted!
Dec 07 18:55:00 snonode.sno-worker-00.e2e.bos.redhat.com dracut[5467]: 62bluetooth: Could not find any command of '/usr/lib/bluetooth/bluetoothd /usr/libexec/bluetooth/bluetoothd'!
Dec 07 18:55:00 snonode.sno-worker-00.e2e.bos.redhat.com dracut[5467]: dracut module 'btrfs' will not be installed, because command 'btrfs' could not be found!
Dec 07 18:55:00 snonode.sno-worker-00.e2e.bos.redhat.com dracut[5467]: dracut module 'dmraid' will not be installed, because it's in the list to be omitted!
Dec 07 18:55:00 snonode.sno-worker-00.e2e.bos.redhat.com dracut[5467]: dracut module 'lvm' will not be installed, because it's in the list to be omitted!
Dec 07 18:55:00 snonode.sno-worker-00.e2e.bos.redhat.com dracut[5467]: dracut module 'pcsc' will not be installed, because command 'pcscd' could not be found!
Dec 07 18:55:00 snonode.sno-worker-00.e2e.bos.redhat.com dracut[5467]: dracut module 'fcoe' will not be installed, because it's in the list to be omitted!
Dec 07 18:55:00 snonode.sno-worker-00.e2e.bos.redhat.com dracut[5467]: dracut module 'fcoe-uefi' will not be installed, because it's in the list to be omitted!
Dec 07 18:55:00 snonode.sno-worker-00.e2e.bos.redhat.com dracut[5467]: dracut module 'iscsi' will not be installed, because it's in the list to be omitted!
Dec 07 18:55:00 snonode.sno-worker-00.e2e.bos.redhat.com dracut[5467]: dracut module 'nbd' will not be installed, because it's in the list to be omitted!
Dec 07 18:55:00 snonode.sno-worker-00.e2e.bos.redhat.com dracut[5467]: dracut module 'nfs' will not be installed, because it's in the list to be omitted!
Dec 07 18:55:00 snonode.sno-worker-00.e2e.bos.redhat.com dracut[5467]: dracut module 'resume' will not be installed, because it's in the list to be omitted!
Dec 07 18:55:00 snonode.sno-worker-00.e2e.bos.redhat.com dracut[5467]: dracut module 'biosdevname' will not be installed, because it's in the list to be omitted!
Dec 07 18:55:00 snonode.sno-worker-00.e2e.bos.redhat.com dracut[5467]: dracut module 'earlykdump' will not be installed, because it's in the list to be omitted!
Dec 07 18:55:00 snonode.sno-worker-00.e2e.bos.redhat.com dracut[5467]: dracut module 'memstrack' will not be installed, because it's in the list to be omitted!
Dec 07 18:55:00 snonode.sno-worker-00.e2e.bos.redhat.com dracut[5467]: dracut module 'systemd-resolved' will not be installed, because command 'resolvectl' could not be found!
Dec 07 18:55:00 snonode.sno-worker-00.e2e.bos.redhat.com dracut[5467]: dracut module 'systemd-resolved' will not be installed, because command '/usr/lib/systemd/systemd-resolved' could not be found!
Dec 07 18:55:00 snonode.sno-worker-00.e2e.bos.redhat.com dracut[5467]: dracut module 'systemd-timesyncd' will not be installed, because command '/usr/lib/systemd/systemd-timesyncd' could not be found!
Dec 07 18:55:00 snonode.sno-worker-00.e2e.bos.redhat.com dracut[5467]: dracut module 'systemd-timesyncd' will not be installed, because command '/usr/lib/systemd/systemd-time-wait-sync' could not be found!
Dec 07 18:55:01 snonode.sno-worker-00.e2e.bos.redhat.com dracut[5467]: dracut module 'busybox' will not be installed, because command 'busybox' could not be found!
Dec 07 18:55:01 snonode.sno-worker-00.e2e.bos.redhat.com dracut[5467]: dracut module 'rngd' will not be installed, because command 'rngd' could not be found!
Dec 07 18:55:01 snonode.sno-worker-00.e2e.bos.redhat.com dracut[5467]: dracut module 'connman' will not be installed, because command 'connmand' could not be found!
Dec 07 18:55:01 snonode.sno-worker-00.e2e.bos.redhat.com dracut[5467]: dracut module 'connman' will not be installed, because command 'connmanctl' could not be found!
Dec 07 18:55:01 snonode.sno-worker-00.e2e.bos.redhat.com dracut[5467]: dracut module 'connman' will not be installed, because command 'connmand-wait-online' could not be found!
Dec 07 18:55:01 snonode.sno-worker-00.e2e.bos.redhat.com dracut[5467]: 62bluetooth: Could not find any command of '/usr/lib/bluetooth/bluetoothd /usr/libexec/bluetooth/bluetoothd'!
Dec 07 18:55:01 snonode.sno-worker-00.e2e.bos.redhat.com dracut[5467]: dracut module 'btrfs' will not be installed, because command 'btrfs' could not be found!
Dec 07 18:55:01 snonode.sno-worker-00.e2e.bos.redhat.com dracut[5467]: dracut module 'pcsc' will not be installed, because command 'pcscd' could not be found!
Dec 07 18:55:01 snonode.sno-worker-00.e2e.bos.redhat.com dracut[5467]: *** Including module: bash ***
Dec 07 18:55:01 snonode.sno-worker-00.e2e.bos.redhat.com dracut[5467]: *** Including module: systemd ***
Dec 07 18:55:01 snonode.sno-worker-00.e2e.bos.redhat.com dracut[5467]: *** Including module: fips ***
Dec 07 18:55:02 snonode.sno-worker-00.e2e.bos.redhat.com dracut[5467]: *** Including module: scsi-rules ***
Dec 07 18:55:02 snonode.sno-worker-00.e2e.bos.redhat.com dracut[5467]: *** Including module: systemd-initrd ***
Dec 07 18:55:02 snonode.sno-worker-00.e2e.bos.redhat.com dracut[5467]: *** Including module: systemd-sysusers ***
Dec 07 18:55:02 snonode.sno-worker-00.e2e.bos.redhat.com dracut[5467]: *** Including module: dbus-broker ***
Dec 07 18:55:02 snonode.sno-worker-00.e2e.bos.redhat.com dracut[5467]: *** Including module: dbus ***
Dec 07 18:55:02 snonode.sno-worker-00.e2e.bos.redhat.com dracut[5467]: *** Including module: coreos-sysctl ***
Dec 07 18:55:02 snonode.sno-worker-00.e2e.bos.redhat.com dracut[5467]: *** Including module: i18n ***
Dec 07 18:55:02 snonode.sno-worker-00.e2e.bos.redhat.com dracut[5467]: No KEYMAP configured.
Dec 07 18:55:02 snonode.sno-worker-00.e2e.bos.redhat.com dracut[5467]: *** Including module: ignition-godebug ***
Dec 07 18:55:02 snonode.sno-worker-00.e2e.bos.redhat.com dracut[5467]: *** Including module: azure-udev-rules ***
Dec 07 18:55:02 snonode.sno-worker-00.e2e.bos.redhat.com dracut[5467]: *** Including module: rhcos-need-network-manager ***
Dec 07 18:55:02 snonode.sno-worker-00.e2e.bos.redhat.com dracut[5467]: *** Including module: afterburn ***
Dec 07 18:55:02 snonode.sno-worker-00.e2e.bos.redhat.com dracut[5467]: *** Including module: gcp-udev-rules ***
Dec 07 18:55:02 snonode.sno-worker-00.e2e.bos.redhat.com dracut[5467]: *** Including module: ignition ***
Dec 07 18:55:02 snonode.sno-worker-00.e2e.bos.redhat.com dracut[5467]: *** Including module: rhcos-afterburn-checkin ***
Dec 07 18:55:02 snonode.sno-worker-00.e2e.bos.redhat.com dracut[5467]: *** Including module: rhcos-nvme-compat-udev ***
Dec 07 18:55:02 snonode.sno-worker-00.e2e.bos.redhat.com dracut[5467]: *** Including module: coreos-ignition ***
Dec 07 18:55:02 snonode.sno-worker-00.e2e.bos.redhat.com dracut[5467]: *** Including module: coreos-live ***
Dec 07 18:55:02 snonode.sno-worker-00.e2e.bos.redhat.com dracut[5467]: *** Including module: coreos-multipath ***
Dec 07 18:55:02 snonode.sno-worker-00.e2e.bos.redhat.com dracut[5467]: *** Including module: coreos-network ***
Dec 07 18:55:02 snonode.sno-worker-00.e2e.bos.redhat.com dracut[5467]: *** Including module: network-manager ***
Dec 07 18:55:02 snonode.sno-worker-00.e2e.bos.redhat.com dracut[5467]: *** Including module: ignition-conf ***
Dec 07 18:55:02 snonode.sno-worker-00.e2e.bos.redhat.com dracut[5467]: *** Including module: ignition-ostree ***
Dec 07 18:55:03 snonode.sno-worker-00.e2e.bos.redhat.com dracut[5467]: *** Including module: network ***
Dec 07 18:55:03 snonode.sno-worker-00.e2e.bos.redhat.com dracut[5467]: *** Including module: rhcos-fde ***
Dec 07 18:55:03 snonode.sno-worker-00.e2e.bos.redhat.com dracut[5467]: *** Including module: rhcos-fips ***
Dec 07 18:55:03 snonode.sno-worker-00.e2e.bos.redhat.com dracut[5467]: *** Including module: rhcos-check-luks-syntax ***
Dec 07 18:55:03 snonode.sno-worker-00.e2e.bos.redhat.com dracut[5467]: *** Including module: url-lib ***
Dec 07 18:55:03 snonode.sno-worker-00.e2e.bos.redhat.com dracut[5467]: *** Including module: coreos-kernel ***
Dec 07 18:55:03 snonode.sno-worker-00.e2e.bos.redhat.com dracut[5467]: *** Including module: drm ***
Dec 07 18:55:07 snonode.sno-worker-00.e2e.bos.redhat.com dracut[5467]: *** Including module: rdcore ***
Dec 07 18:55:07 snonode.sno-worker-00.e2e.bos.redhat.com dracut[5467]: *** Including module: rhcos-mke2fs ***
Dec 07 18:55:07 snonode.sno-worker-00.e2e.bos.redhat.com dracut[5467]: *** Including module: rhcos-tuned-bits ***
Dec 07 18:55:07 snonode.sno-worker-00.e2e.bos.redhat.com dracut[5467]: *** Including module: clevis ***
Dec 07 18:55:07 snonode.sno-worker-00.e2e.bos.redhat.com dracut[5467]: *** Including module: clevis-pin-null ***
Dec 07 18:55:07 snonode.sno-worker-00.e2e.bos.redhat.com dracut[5467]: *** Including module: clevis-pin-sss ***
Dec 07 18:55:07 snonode.sno-worker-00.e2e.bos.redhat.com dracut[5467]: *** Including module: clevis-pin-tang ***
Dec 07 18:55:07 snonode.sno-worker-00.e2e.bos.redhat.com dracut[5467]: *** Including module: clevis-pin-tpm2 ***
Dec 07 18:55:07 snonode.sno-worker-00.e2e.bos.redhat.com dracut[5467]: *** Including module: coreos-agetty-workaround ***
Dec 07 18:55:07 snonode.sno-worker-00.e2e.bos.redhat.com dracut[5467]: *** Including module: crypt ***
Dec 07 18:55:07 snonode.sno-worker-00.e2e.bos.redhat.com dracut[5467]: *** Including module: dm ***
Dec 07 18:55:07 snonode.sno-worker-00.e2e.bos.redhat.com dracut[5467]: Skipping udev rule: 64-device-mapper.rules
Dec 07 18:55:07 snonode.sno-worker-00.e2e.bos.redhat.com dracut[5467]: Skipping udev rule: 60-persistent-storage-dm.rules
Dec 07 18:55:07 snonode.sno-worker-00.e2e.bos.redhat.com dracut[5467]: Skipping udev rule: 55-dm.rules
Dec 07 18:55:07 snonode.sno-worker-00.e2e.bos.redhat.com dracut[5467]: *** Including module: kernel-modules ***
Dec 07 18:55:08 snonode.sno-worker-00.e2e.bos.redhat.com dracut[5467]: *** Including module: kernel-modules-extra ***
Dec 07 18:55:08 snonode.sno-worker-00.e2e.bos.redhat.com dracut[5467]:   kernel-modules-extra: configuration source "/run/depmod.d" does not exist
Dec 07 18:55:08 snonode.sno-worker-00.e2e.bos.redhat.com dracut[5467]:   kernel-modules-extra: configuration source "/lib/depmod.d" does not exist
Dec 07 18:55:08 snonode.sno-worker-00.e2e.bos.redhat.com dracut[5467]:   kernel-modules-extra: parsing configuration file "/etc/depmod.d/dist.conf"
Dec 07 18:55:08 snonode.sno-worker-00.e2e.bos.redhat.com dracut[5467]:   kernel-modules-extra: /etc/depmod.d/dist.conf: added "updates extra built-in weak-updates" to the list of search directories
Dec 07 18:55:08 snonode.sno-worker-00.e2e.bos.redhat.com dracut[5467]: *** Including module: kernel-network-modules ***
Dec 07 18:55:08 snonode.sno-worker-00.e2e.bos.redhat.com dracut[5467]: *** Including module: nvdimm ***
Dec 07 18:55:08 snonode.sno-worker-00.e2e.bos.redhat.com dracut[5467]: *** Including module: qemu ***
Dec 07 18:55:08 snonode.sno-worker-00.e2e.bos.redhat.com dracut[5467]: *** Including module: fstab-sys ***
Dec 07 18:55:08 snonode.sno-worker-00.e2e.bos.redhat.com dracut[5467]: *** Including module: rootfs-block ***
Dec 07 18:55:08 snonode.sno-worker-00.e2e.bos.redhat.com dracut[5467]: *** Including module: terminfo ***
Dec 07 18:55:08 snonode.sno-worker-00.e2e.bos.redhat.com dracut[5467]: *** Including module: udev-rules ***
Dec 07 18:55:09 snonode.sno-worker-00.e2e.bos.redhat.com dracut[5467]: Skipping udev rule: 91-permissions.rules
Dec 07 18:55:09 snonode.sno-worker-00.e2e.bos.redhat.com dracut[5467]: Skipping udev rule: 80-drivers-modprobe.rules
Dec 07 18:55:09 snonode.sno-worker-00.e2e.bos.redhat.com dracut[5467]: Skipping udev rule: 70-persistent-net.rules
Dec 07 18:55:09 snonode.sno-worker-00.e2e.bos.redhat.com dracut[5467]: *** Including module: walinuxagent ***
Dec 07 18:55:09 snonode.sno-worker-00.e2e.bos.redhat.com dracut[5467]: *** Including module: dracut-systemd ***
Dec 07 18:55:09 snonode.sno-worker-00.e2e.bos.redhat.com dracut[5467]: *** Including module: usrmount ***
Dec 07 18:55:09 snonode.sno-worker-00.e2e.bos.redhat.com dracut[5467]: *** Including module: base ***
Dec 07 18:55:09 snonode.sno-worker-00.e2e.bos.redhat.com dracut[5467]: *** Including module: emergency-shell-setup ***
Dec 07 18:55:09 snonode.sno-worker-00.e2e.bos.redhat.com dracut[5467]: *** Including module: fs-lib ***
Dec 07 18:55:10 snonode.sno-worker-00.e2e.bos.redhat.com dracut[5467]: *** Including module: journal-conf ***
Dec 07 18:55:10 snonode.sno-worker-00.e2e.bos.redhat.com dracut[5467]: *** Including module: kdumpbase ***
Dec 07 18:55:10 snonode.sno-worker-00.e2e.bos.redhat.com dracut[5467]: *** Including module: microcode_ctl-fw_dir_override ***
Dec 07 18:55:10 snonode.sno-worker-00.e2e.bos.redhat.com dracut[5467]:   microcode_ctl module: mangling fw_dir
Dec 07 18:55:10 snonode.sno-worker-00.e2e.bos.redhat.com dracut[5467]:     microcode_ctl: reset fw_dir to "/lib/firmware/updates /lib/firmware"
Dec 07 18:55:10 snonode.sno-worker-00.e2e.bos.redhat.com dracut[5467]:     microcode_ctl: processing data directory  "/usr/share/microcode_ctl/ucode_with_caveats/intel"...
Dec 07 18:55:10 snonode.sno-worker-00.e2e.bos.redhat.com dracut[5467]:       microcode_ctl: intel: caveats check for kernel version "5.14.0-284.36.1.el9_2.x86_64" passed, adding "/usr/share/microcode_ctl/ucode_with_caveats/intel" to fw_dir variable
Dec 07 18:55:10 snonode.sno-worker-00.e2e.bos.redhat.com dracut[5467]:     microcode_ctl: processing data directory  "/usr/share/microcode_ctl/ucode_with_caveats/intel-06-2d-07"...
Dec 07 18:55:10 snonode.sno-worker-00.e2e.bos.redhat.com dracut[5467]:     microcode_ctl: configuration "intel-06-2d-07" is ignored
Dec 07 18:55:10 snonode.sno-worker-00.e2e.bos.redhat.com dracut[5467]:     microcode_ctl: processing data directory  "/usr/share/microcode_ctl/ucode_with_caveats/intel-06-4e-03"...
Dec 07 18:55:10 snonode.sno-worker-00.e2e.bos.redhat.com dracut[5467]:     microcode_ctl: configuration "intel-06-4e-03" is ignored
Dec 07 18:55:10 snonode.sno-worker-00.e2e.bos.redhat.com dracut[5467]:     microcode_ctl: processing data directory  "/usr/share/microcode_ctl/ucode_with_caveats/intel-06-4f-01"...
Dec 07 18:55:10 snonode.sno-worker-00.e2e.bos.redhat.com dracut[5467]:     microcode_ctl: configuration "intel-06-4f-01" is ignored
Dec 07 18:55:10 snonode.sno-worker-00.e2e.bos.redhat.com dracut[5467]:     microcode_ctl: processing data directory  "/usr/share/microcode_ctl/ucode_with_caveats/intel-06-55-04"...
Dec 07 18:55:10 snonode.sno-worker-00.e2e.bos.redhat.com dracut[5467]:     microcode_ctl: configuration "intel-06-55-04" is ignored
Dec 07 18:55:10 snonode.sno-worker-00.e2e.bos.redhat.com dracut[5467]:     microcode_ctl: processing data directory  "/usr/share/microcode_ctl/ucode_with_caveats/intel-06-5e-03"...
Dec 07 18:55:10 snonode.sno-worker-00.e2e.bos.redhat.com dracut[5467]:     microcode_ctl: configuration "intel-06-5e-03" is ignored
Dec 07 18:55:10 snonode.sno-worker-00.e2e.bos.redhat.com dracut[5467]:     microcode_ctl: processing data directory  "/usr/share/microcode_ctl/ucode_with_caveats/intel-06-8c-01"...
Dec 07 18:55:10 snonode.sno-worker-00.e2e.bos.redhat.com dracut[5467]:     microcode_ctl: configuration "intel-06-8c-01" is ignored
Dec 07 18:55:10 snonode.sno-worker-00.e2e.bos.redhat.com dracut[5467]:     microcode_ctl: processing data directory  "/usr/share/microcode_ctl/ucode_with_caveats/intel-06-8e-9e-0x-0xca"...
Dec 07 18:55:10 snonode.sno-worker-00.e2e.bos.redhat.com dracut[5467]:     microcode_ctl: configuration "intel-06-8e-9e-0x-0xca" is ignored
Dec 07 18:55:10 snonode.sno-worker-00.e2e.bos.redhat.com dracut[5467]:     microcode_ctl: processing data directory  "/usr/share/microcode_ctl/ucode_with_caveats/intel-06-8e-9e-0x-dell"...
Dec 07 18:55:10 snonode.sno-worker-00.e2e.bos.redhat.com dracut[5467]:     microcode_ctl: configuration "intel-06-8e-9e-0x-dell" is ignored
Dec 07 18:55:10 snonode.sno-worker-00.e2e.bos.redhat.com dracut[5467]:     microcode_ctl: final fw_dir: "/usr/share/microcode_ctl/ucode_with_caveats/intel /lib/firmware/updates /lib/firmware"
Dec 07 18:55:10 snonode.sno-worker-00.e2e.bos.redhat.com dracut[5467]: *** Including module: shutdown ***
Dec 07 18:55:10 snonode.sno-worker-00.e2e.bos.redhat.com dracut[5467]: *** Including module: squash ***
Dec 07 18:55:11 snonode.sno-worker-00.e2e.bos.redhat.com dracut[5467]: *** Including modules done ***
Dec 07 18:55:11 snonode.sno-worker-00.e2e.bos.redhat.com dracut[5467]: *** Installing kernel module dependencies ***
Dec 07 18:55:12 snonode.sno-worker-00.e2e.bos.redhat.com dracut[5467]: *** Installing kernel module dependencies done ***
Dec 07 18:55:12 snonode.sno-worker-00.e2e.bos.redhat.com dracut[5467]: *** Resolving executable dependencies ***
Dec 07 18:55:16 snonode.sno-worker-00.e2e.bos.redhat.com dracut[5467]: *** Resolving executable dependencies done ***
Dec 07 18:55:16 snonode.sno-worker-00.e2e.bos.redhat.com dracut[5467]: *** Hardlinking files ***
Dec 07 18:55:16 snonode.sno-worker-00.e2e.bos.redhat.com dracut[5467]: Mode:           real
Dec 07 18:55:16 snonode.sno-worker-00.e2e.bos.redhat.com dracut[5467]: Files:          1500
Dec 07 18:55:16 snonode.sno-worker-00.e2e.bos.redhat.com dracut[5467]: Linked:         3 files
Dec 07 18:55:16 snonode.sno-worker-00.e2e.bos.redhat.com dracut[5467]: Compared:       0 xattrs
Dec 07 18:55:16 snonode.sno-worker-00.e2e.bos.redhat.com dracut[5467]: Compared:       512 files
Dec 07 18:55:16 snonode.sno-worker-00.e2e.bos.redhat.com dracut[5467]: Saved:          56.05 KiB
Dec 07 18:55:16 snonode.sno-worker-00.e2e.bos.redhat.com dracut[5467]: Duration:       0.041484 seconds
Dec 07 18:55:16 snonode.sno-worker-00.e2e.bos.redhat.com dracut[5467]: *** Hardlinking files done ***
Dec 07 18:55:16 snonode.sno-worker-00.e2e.bos.redhat.com dracut[5467]: *** Generating early-microcode cpio image ***
Dec 07 18:55:16 snonode.sno-worker-00.e2e.bos.redhat.com dracut[5467]: *** Constructing GenuineIntel.bin ***
Dec 07 18:55:16 snonode.sno-worker-00.e2e.bos.redhat.com dracut[5467]: *** Store current command line parameters ***
Dec 07 18:55:16 snonode.sno-worker-00.e2e.bos.redhat.com dracut[5467]: Stored kernel commandline:
Dec 07 18:55:16 snonode.sno-worker-00.e2e.bos.redhat.com dracut[5467]: No dracut internal kernel commandline stored in the initramfs
Dec 07 18:55:16 snonode.sno-worker-00.e2e.bos.redhat.com dracut[5467]: *** Install squash loader ***
Dec 07 18:55:17 snonode.sno-worker-00.e2e.bos.redhat.com dracut[5467]: *** Squashing the files inside the initramfs ***
Dec 07 18:55:37 snonode.sno-worker-00.e2e.bos.redhat.com dracut[5467]: *** Squashing the files inside the initramfs done ***
Dec 07 18:55:37 snonode.sno-worker-00.e2e.bos.redhat.com dracut[5467]: *** Creating image file '/var/lib/kdump/initramfs-5.14.0-284.36.1.el9_2.x86_64kdump.img' ***
Dec 07 18:55:38 snonode.sno-worker-00.e2e.bos.redhat.com dracut[5467]: *** Creating initramfs image file '/var/lib/kdump/initramfs-5.14.0-284.36.1.el9_2.x86_64kdump.img' done ***
Dec 07 18:55:39 snonode.sno-worker-00.e2e.bos.redhat.com kdumpctl[5008]: kdump: kexec: loaded kdump kernel
Dec 07 18:55:39 snonode.sno-worker-00.e2e.bos.redhat.com kdumpctl[5008]: kdump: Starting kdump: [OK]
Dec 07 18:55:39 snonode.sno-worker-00.e2e.bos.redhat.com systemd[1]: Finished Crash recovery kernel arming.
