2min 22.382s installation-configuration.service
     55.396s NetworkManager-wait-online.service
     42.216s kdump.service
     19.088s restorecon-var-lib-containers.service
      7.599s sys-module-fuse.device
      7.424s dev-ttyS2.device
      7.424s sys-devices-platform-serial8250-tty-ttyS2.device
      7.421s sys-devices-pnp0-00:02-tty-ttyS1.device
      7.421s dev-ttyS1.device
      7.420s sys-devices-pnp0-00:03-tty-ttyS0.device
      7.420s dev-ttyS0.device
      7.411s dev-ttyS3.device
      7.411s sys-devices-platform-serial8250-tty-ttyS3.device
      7.370s sys-module-configfs.device
      6.228s sys-devices-pci0000:00-0000:00:14.0-usb1-1\x2d14-1\x2d14.4-1\x2d14.4.2-1\x2d14.4.2:1.0-host0-target0:0:0-0:0:0:0-block-sr0.device
      6.228s dev-disk-by\x2dpath-pci\x2d0000:00:14.0\x2dusb\x2d0:14.4.2:1.0\x2dscsi\x2d0:0:0:0.device
      6.228s dev-sr0.device
      6.228s dev-disk-by\x2did-usb\x2dLinux_Virtual_CD_DVD_1028_123456\x2d0:0.device
      6.228s dev-cdrom.device
      5.065s sys-devices-pci0000:85-0000:85:02.0-0000:86:00.0-net-ens4f0.device
      5.065s sys-subsystem-net-devices-ens4f0.device
      5.060s sys-devices-pci0000:3a-0000:3a:00.0-0000:3b:00.1-net-ens1f1.device
      5.060s sys-subsystem-net-devices-ens1f1.device
      5.046s sys-devices-pci0000:85-0000:85:02.0-0000:86:00.1-net-ens4f1.device
      5.046s sys-subsystem-net-devices-ens4f1.device
      5.046s sys-subsystem-net-devices-ens1f0.device
      5.046s sys-devices-pci0000:3a-0000:3a:00.0-0000:3b:00.0-net-ens1f0.device
      5.020s dev-disk-by\x2dlabel-rhcos\x2d414.92.202310170514\x2d0.device
      5.020s dev-disk-by\x2ddiskseq-3.device
      5.020s dev-disk-by\x2duuid-2023\x2d12\x2d06\x2d16\x2d24\x2d15\x2d18.device
      4.918s ovs-configuration.service
      4.435s dev-disk-by\x2dpath-pci\x2d0000:18:00.0\x2dscsi\x2d0:2:0:0.device
      4.435s dev-disk-by\x2did-scsi\x2dSDELL_PERC_H730P_MX_00e11dfc287cbd672800e5df47f0a7ce.device
      4.435s sys-devices-pci0000:17-0000:17:00.0-0000:18:00.0-host3-target3:2:0-3:2:0:0-block-sda.device
      4.435s dev-sda.device
      4.435s dev-disk-by\x2did-wwn\x2d0x62cea7f047dfe5002867bd7c28fc1de1.device
      4.435s dev-disk-by\x2did-scsi\x2d362cea7f047dfe5002867bd7c28fc1de1.device
      4.435s dev-disk-by\x2ddiskseq-2.device
      4.327s dev-nvme0n1p1.device
      4.327s sys-devices-virtual-nvme\x2dsubsystem-nvme\x2dsubsys0-nvme0n1-nvme0n1p1.device
      4.327s dev-disk-by\x2did-nvme\x2dDell_Express_Flash_PM1725b_1.6TB_SFF_S5CUNAUN501173\x2dpart1.device
      4.327s dev-disk-by\x2dpartuuid-34e54b8f\x2d8746\x2d4171\x2d9ecb\x2d2b4bf36b1e40.device
      4.327s dev-disk-by\x2dpartlabel-BIOS\x2dBOOT.device
      4.327s dev-disk-by\x2did-nvme\x2deui.354355554e5011730025384100000004\x2dpart1.device
      4.327s dev-disk-by\x2dpath-pci\x2d0000:b1:00.0\x2dnvme\x2d1\x2dpart1.device
      4.312s dev-disk-by\x2dlabel-root.device
      4.312s dev-disk-by\x2dpartuuid-31f1a5a5\x2d676d\x2d41c4\x2d863e\x2dde0613d66ff7.device
      4.312s dev-disk-by\x2dpartlabel-root.device
      4.311s dev-disk-by\x2did-nvme\x2dDell_Express_Flash_PM1725b_1.6TB_SFF_S5CUNAUN501173\x2dpart4.device
      4.311s dev-disk-by\x2dpath-pci\x2d0000:b1:00.0\x2dnvme\x2d1\x2dpart4.device
      4.311s sys-devices-virtual-nvme\x2dsubsystem-nvme\x2dsubsys0-nvme0n1-nvme0n1p4.device
      4.311s dev-disk-by\x2did-nvme\x2deui.354355554e5011730025384100000004\x2dpart4.device
      4.311s dev-nvme0n1p4.device
      4.311s dev-disk-by\x2duuid-6b9f58b6\x2d2adb\x2d4237\x2d8bf6\x2d2846d5461a1e.device
      4.311s dev-nvme0n1p3.device
      4.311s dev-disk-by\x2duuid-f515e172\x2df10e\x2d4a09\x2daedd\x2dd666d79340cf.device
      4.311s sys-devices-virtual-nvme\x2dsubsystem-nvme\x2dsubsys0-nvme0n1-nvme0n1p3.device
      4.311s dev-disk-by\x2did-nvme\x2deui.354355554e5011730025384100000004\x2dpart3.device
      4.311s dev-disk-by\x2dlabel-boot.device
      4.311s dev-disk-by\x2dpath-pci\x2d0000:b1:00.0\x2dnvme\x2d1\x2dpart3.device
      4.311s dev-disk-by\x2dpartuuid-346abf42\x2d9e61\x2d4a28\x2dbcb8\x2d8db984fc0d98.device
      4.311s dev-disk-by\x2did-nvme\x2dDell_Express_Flash_PM1725b_1.6TB_SFF_S5CUNAUN501173\x2dpart3.device
      4.311s dev-disk-by\x2dpartlabel-boot.device
      4.310s sys-devices-virtual-nvme\x2dsubsystem-nvme\x2dsubsys0-nvme0n1-nvme0n1p2.device
      4.310s dev-disk-by\x2did-nvme\x2deui.354355554e5011730025384100000004\x2dpart2.device
      4.310s dev-disk-by\x2dpartuuid-65ea32bc\x2d15f4\x2d44a0\x2da5f7\x2d8e0f2fa1a298.device
      4.310s dev-nvme0n1p2.device
      4.310s dev-disk-by\x2dpath-pci\x2d0000:b1:00.0\x2dnvme\x2d1\x2dpart2.device
      4.310s dev-disk-by\x2dpartlabel-EFI\x2dSYSTEM.device
      4.310s dev-disk-by\x2dlabel-EFI\x2dSYSTEM.device
      4.310s dev-disk-by\x2duuid-2235\x2d17EA.device
      4.310s dev-disk-by\x2did-nvme\x2dDell_Express_Flash_PM1725b_1.6TB_SFF_S5CUNAUN501173\x2dpart2.device
      4.302s sys-devices-virtual-nvme\x2dsubsystem-nvme\x2dsubsys0-nvme0n1.device
      4.302s dev-disk-by\x2did-nvme\x2dDell_Express_Flash_PM1725b_1.6TB_SFF_S5CUNAUN501173.device
      4.302s dev-disk-by\x2ddiskseq-5.device
      4.302s dev-disk-by\x2did-nvme\x2deui.354355554e5011730025384100000004.device
      4.302s dev-nvme0n1.device
      4.302s dev-disk-by\x2dpath-pci\x2d0000:b1:00.0\x2dnvme\x2d1.device
      4.298s dev-disk-by\x2dpath-pci\x2d0000:b2:00.0\x2dnvme\x2d1.device
      4.298s dev-disk-by\x2did-nvme\x2deui.354355554e5010870025384100000004.device
      4.298s dev-disk-by\x2duuid-1f0f2d0c\x2d681c\x2d421f\x2d9fb4\x2d216f21054750.device
      4.298s sys-devices-virtual-nvme\x2dsubsystem-nvme\x2dsubsys1-nvme1n1.device
      4.298s dev-disk-by\x2ddiskseq-7.device
      4.298s dev-disk-by\x2did-nvme\x2dDell_Express_Flash_PM1725b_1.6TB_SFF_S5CUNAUN501087.device
      4.298s dev-nvme1n1.device
      3.123s prepare-installation-configuration.service
      2.123s systemd-udev-settle.service
      1.880s coreos-update-ca-trust.service
      1.339s ovsdb-server.service
      1.244s initrd-cleanup.service
       922ms coreos-ignition-write-issues.service
       880ms cpuset-configure.service
       685ms crio.service
       632ms initrd-switch-root.service
       615ms systemd-logind.service
       612ms sshd.service
       597ms nodeip-configuration.service
       540ms microcode.service
       532ms ovs-delete-transient-ports.service
       476ms crio-subid.service
       412ms kdump-remove-ice-module.service
       400ms dev-hugepages.mount
       399ms dracut-shutdown.service
       391ms container-mount-namespace.service
       390ms dev-mqueue.mount
       389ms create-shared-containers.service
       382ms node-valid-hostname.service
       381ms ovs-vswitchd.service
       381ms clear-irqbalance-banned-cpus.service
       381ms sys-kernel-debug.mount
       372ms sys-kernel-tracing.mount
       363ms tmp.mount
       354ms coreos-printk-quiet.service
       353ms dracut-cmdline.service
       342ms console-login-helper-messages-gensnippet-ssh-keys.service
       332ms kubelet.service
       314ms kmod-static-nodes.service
       311ms rpc-statd.service
       311ms modprobe@drm.service
       306ms lvm2-monitor.service
       243ms update-rps@ens4f0.service
       232ms systemd-udev-trigger.service
       223ms update-rps@ens4f1.service
       213ms systemd-modules-load.service
       206ms update-rps@ens1f0.service
       195ms crio-wipe.service
       192ms rpc-statd-notify.service
       188ms systemd-network-generator.service
       183ms update-rps@ens1f1.service
       181ms kubelet-auto-node-size.service
       179ms systemd-sysusers.service
       177ms systemd-remount-fs.service
       176ms user@1000.service
       171ms initrd-parse-etc.service
       163ms nmstate.service
       161ms initrd-udevadm-cleanup-db.service
       160ms dracut-pre-udev.service
       156ms dnsmasq.service
       132ms systemd-tmpfiles-setup.service
       125ms boot.mount
       123ms dbus-broker.service
       120ms multipathd.service
       105ms systemd-user-sessions.service
       104ms systemd-journald.service
        86ms remount-var-lib-containers.service
        71ms dracut-pre-pivot.service
        71ms var-lib-containers.mount
        67ms systemd-tmpfiles-setup-dev.service
        67ms systemd-journal-flush.service
        64ms systemd-vconsole-setup.service
        53ms rpcbind.service
        53ms auditd.service
        51ms systemd-update-utmp-runlevel.service
        49ms systemd-udevd.service
        48ms NetworkManager.service
        47ms dracut-pre-trigger.service
        46ms dracut-initqueue.service
        42ms systemd-tmpfiles-clean.service
        32ms sys-fs-fuse-connections.mount
        31ms dracut-pre-mount.service
        30ms sys-kernel-config.mount
        30ms systemd-sysctl.service
        25ms dracut-mount.service
        23ms openvswitch.service
        20ms systemd-fsck@dev-disk-by\x2dlabel-boot.service
        14ms modprobe@configfs.service
        14ms stalld.service
        13ms modprobe@fuse.service
        10ms user-runtime-dir@1000.service
        10ms rhcos-usrlocal-selinux-fixup.service
        10ms modprobe@efi_pstore.service
        10ms systemd-boot-update.service
         9ms systemd-random-seed.service
         7ms systemd-update-utmp.service
         7ms var.mount
         6ms rhcos-selinux-policy-upgrade.service
         2ms ostree-remount.service
